Start testing: Aug 22 07:20 MDT
----------------------------------------------------------
1/1 Testing: avian_unittest
1/1 Test: avian_unittest
Command: "/home/dicej/p/avian/cmake-build/unittest/avian_unittest"
Directory: /home/dicej/p/avian/cmake-build/unittest
"avian_unittest" start time: Aug 22 07:20 MDT
Output:
----------------------------------------------------------
                  BasicAssembler: success
                ArchitecturePlan: success
                RegisterIterator: success
                       ArgParser: success
expected argument after -required2
expected value for required2
<end of output>
Test time =   0.00 sec
----------------------------------------------------------
Test Passed.
"avian_unittest" end time: Aug 22 07:20 MDT
"avian_unittest" time elapsed: 00:00:00
----------------------------------------------------------

End testing: Aug 22 07:20 MDT
